<?xml version="1.0" encoding="UTF-8"?>
<testsuites name="SmokeTest" time="141.26" tests="1" failures="0" errors="0">
   <testsuite name="SmokeTest" tests="1" failures="0" errors="0" time="141.26" skipped="0" timestamp="2023-03-11 11:56:51" hostname="MSI - DESKTOP-P3BAH7Q" id="Test Suites/SmokeTest">
      <properties>
         <property name="deviceName" value="emulator-5554 (Android SDK built for x86_64 - Android 10)"/>
         <property name="devicePlatform" value=""/>
         <property name="logFolder" value="C:\\Users\\MSI\\git\\TemanDiabetes\\Reports\\20230311_115646\\SmokeTest\\20230311_115648"/>
         <property name="logFiles" value="C:\\Users\\MSI\\git\\TemanDiabetes\\Reports\\20230311_115646\\SmokeTest\\20230311_115648\\appium.log, C:\\Users\\MSI\\git\\TemanDiabetes\\Reports\\20230311_115646\\SmokeTest\\20230311_115648\\execution0.log"/>
         <property name="attachments" value=""/>
         <property name="hostName" value="MSI - DESKTOP-P3BAH7Q"/>
         <property name="os" value="Windows 10 64bit"/>
         <property name="appiumServerStatus" value="{&quot;value&quot;:{&quot;build&quot;:{&quot;version&quot;:&quot;1.22.2&quot;}},&quot;sessionId&quot;:null,&quot;status&quot;:0}"/>
         <property name="katalonVersion" value="8.4.1.208"/>
         <property name="deviceOS" value="Android"/>
         <property name="appiumVersion" value="1.22.2"/>
         <property name="deviceModel" value="Android SDK built for x86_64"/>
         <property name="hostAddress" value="192.168.18.21"/>
         <property name="deviceManufacturer" value="Google"/>
         <property name="deviceId" value="emulator-5554"/>
         <property name="deviceName" value="emulator-5554 (Android SDK built for x86_64 - Android 10)"/>
         <property name="deviceOSVersion" value="10"/>
      </properties>
      <testcase name="Test Cases/SmokeTest" time="141.074" classname="Test Cases/SmokeTest" status="PASSED">
         <system-out><![CDATA[2023-03-11 11:56:51 - [TEST_CASE][PASSED] - Test Cases/SmokeTest: Test Cases/SmokeTest

2023-03-11 11:56:52 - [TEST_STEP][PASSED] - runFeatureFile("Include/features/InsertRecordBlood.feature"): Feature file: 'Include/features/InsertRecordBlood.feature' was passed

2023-03-11 11:56:52 - [MESSAGE][INFO] - Starting run keyword runFeatureFile: 'Include/features/InsertRecordBlood.feature' and extract report to folder: 'C:\Users\MSI\git\TemanDiabetes\Reports\20230311_115646\SmokeTest\20230311_115648/cucumber_report/1678510612169'...

2023-03-11 11:56:52 - [TEST_CASE][PASSED] - Start Test Case : SCENARIO As user i want to go to Rekaman Page and verify all the section: SCENARIO As user i want to go to Rekaman Page and verify all the section

2023-03-11 11:56:52 - [TEST_STEP][PASSED] - I open default app: I open default app

2023-03-11 11:56:53 - [MESSAGE][INFO] - Detected NodeJS location: "C:\Program Files\nodejs\node.exe"

2023-03-11 11:56:54 - [MESSAGE][INFO] - Appium server started on port 55,515

2023-03-11 11:57:07 - [MESSAGE][PASSED] - Starting app with application ID: 'com.temandiabetes.android'

2023-03-11 11:57:12 - [MESSAGE][PASSED] - Delayed 5 second(s)

2023-03-11 11:57:12 - [MESSAGE][PASSED] - I open default app

2023-03-11 11:57:12 - [TEST_STEP][PASSED] - User go to Rekaman Page: User go to Rekaman Page

2023-03-11 11:57:12 - [MESSAGE][PASSED] - Tapped on element 'Object Repository/Navbar/Navbar_Rekaman'

2023-03-11 11:57:12 - [MESSAGE][PASSED] - User go to Rekaman Page

2023-03-11 11:57:12 - [TEST_STEP][PASSED] - User check the data record is there or not: User check the data record is there or not

2023-03-11 11:57:16 - [MESSAGE][PASSED] - Delayed 4 second(s)

2023-03-11 11:57:16 - [MESSAGE][PASSED] - Element 'Object Repository/RekamanPage/Graph/WithoutData/TextView_BelumAdaData' is visible

2023-03-11 11:57:16 - [MESSAGE][PASSED] - Element 'Object Repository/RekamanPage/Graph/WithoutData/TextView_SilahkanMasukanGulaDarah' is visible

2023-03-11 11:57:16 - [MESSAGE][PASSED] - User check the data record is there or not

2023-03-11 11:57:16 - [TEST_STEP][PASSED] - User Verify all the section: User Verify all the section

2023-03-11 11:57:17 - [MESSAGE][PASSED] - Element 'Object Repository/RekamanPage/Graph/Button_HistoryGulaDarah' is visible

2023-03-11 11:57:17 - [MESSAGE][PASSED] - Element 'Object Repository/RekamanPage/Graph/Button_LihatGrafik' is visible

2023-03-11 11:57:17 - [MESSAGE][PASSED] - Element 'Object Repository/RekamanPage/Graph/Button_Plus' is visible

2023-03-11 11:57:17 - [MESSAGE][PASSED] - User Verify all the section

2023-03-11 11:57:17 - [TEST_CASE][PASSED] - Start Test Case : SCENARIO As user i want to insert manually the blood record: SCENARIO As user i want to insert manually the blood record

2023-03-11 11:57:17 - [TEST_STEP][PASSED] - User in the Rekaman Page: User in the Rekaman Page

2023-03-11 11:57:17 - [MESSAGE][PASSED] - Element 'Object Repository/RekamanPage/Graph/Button_Plus' is visible

2023-03-11 11:57:17 - [MESSAGE][PASSED] - User in the Rekaman Page

2023-03-11 11:57:17 - [TEST_STEP][PASSED] - User go to insert blood and chose manual mechanism: User go to insert blood and chose manual mechanism

2023-03-11 11:57:17 - [MESSAGE][PASSED] - Tapped on element 'Object Repository/RekamanPage/Graph/Button_Plus'

2023-03-11 11:57:18 - [MESSAGE][PASSED] - Element 'Object Repository/RekamanPage/InsertBloodRecord/TextView_Manual' is visible

2023-03-11 11:57:18 - [MESSAGE][PASSED] - User go to insert blood and chose manual mechanism

2023-03-11 11:57:18 - [TEST_STEP][PASSED] - User chose manual: User chose manual

2023-03-11 11:57:18 - [MESSAGE][PASSED] - Tapped on element 'Object Repository/RekamanPage/InsertBloodRecord/TextView_Manual'

2023-03-11 11:57:18 - [MESSAGE][PASSED] - User chose manual

2023-03-11 11:57:18 - [TEST_STEP][PASSED] - User redirect input page: User redirect input page

2023-03-11 11:57:20 - [MESSAGE][PASSED] - Element 'Object Repository/RekamanPage/InsertSugarBlood/TextView_InputGulaDarah' is visible

2023-03-11 11:57:20 - [MESSAGE][PASSED] - User redirect input page

2023-03-11 11:57:20 - [TEST_CASE][PASSED] - Start Test Case : SCENARIO As user i want to verify all the section insert sugar blood: SCENARIO As user i want to verify all the section insert sugar blood

2023-03-11 11:57:20 - [TEST_STEP][PASSED] - User in input darah page: User in input darah page

2023-03-11 11:57:20 - [MESSAGE][PASSED] - Element 'Object Repository/RekamanPage/InsertSugarBlood/TextView_InputGulaDarah' is visible

2023-03-11 11:57:20 - [MESSAGE][PASSED] - User in input darah page

2023-03-11 11:57:20 - [TEST_STEP][PASSED] - User want to see the whole section: User want to see the whole section

2023-03-11 11:57:20 - [MESSAGE][PASSED] - Element 'Object Repository/RekamanPage/InsertSugarBlood/TextView_InputGulaDarah' is visible

2023-03-11 11:57:21 - [MESSAGE][PASSED] - Element 'Object Repository/RekamanPage/InsertSugarBlood/TextView_GulaDarah' is visible

2023-03-11 11:57:22 - [MESSAGE][PASSED] - Element 'Object Repository/RekamanPage/InsertSugarBlood/TextView_JenisPemeriksaanGulaDarah' is visible

2023-03-11 11:57:22 - [MESSAGE][PASSED] - Element 'Object Repository/RekamanPage/InsertSugarBlood/TextView_MasukanTanggal' is visible

2023-03-11 11:57:22 - [MESSAGE][PASSED] - Element 'Object Repository/RekamanPage/InsertSugarBlood/TextView_MasukanWaktu' is visible

2023-03-11 11:57:22 - [MESSAGE][PASSED] - Element 'Object Repository/RekamanPage/InsertSugarBlood/Button_Date' is visible

2023-03-11 11:57:22 - [MESSAGE][PASSED] - Element 'Object Repository/RekamanPage/InsertSugarBlood/Button_InputWaktu' is visible

2023-03-11 11:57:22 - [MESSAGE][PASSED] - Element 'Object Repository/RekamanPage/InsertSugarBlood/Button_PilihJenisGulaDarah' is visible

2023-03-11 11:57:22 - [MESSAGE][PASSED] - Element 'Object Repository/RekamanPage/InsertSugarBlood/Button_Selesai' is visible

2023-03-11 11:57:22 - [MESSAGE][PASSED] - User want to see the whole section

2023-03-11 11:57:22 - [TEST_STEP][PASSED] - User can easly fill the field: User can easly fill the field

2023-03-11 11:57:22 - [MESSAGE][PASSED] - Tapped on element 'Object Repository/RekamanPage/InsertSugarBlood/Button_PilihJenisGulaDarah'

2023-03-11 11:57:23 - [MESSAGE][PASSED] - Press back button successfully

2023-03-11 11:57:23 - [MESSAGE][PASSED] - User can easly fill the field

2023-03-11 11:57:23 - [TEST_CASE][PASSED] - Start Test Case : SCENARIO As user i want to save the page without fill any field: SCENARIO As user i want to save the page without fill any field

2023-03-11 11:57:23 - [TEST_STEP][PASSED] - User in input darah page: User in input darah page

2023-03-11 11:57:23 - [MESSAGE][PASSED] - Element 'Object Repository/RekamanPage/InsertSugarBlood/TextView_InputGulaDarah' is visible

2023-03-11 11:57:23 - [MESSAGE][PASSED] - User in input darah page

2023-03-11 11:57:23 - [TEST_STEP][PASSED] - User didn't fill any field and save it: User didn't fill any field and save it

2023-03-11 11:57:24 - [MESSAGE][PASSED] - Element 'Object Repository/RekamanPage/InsertSugarBlood/TextView_InputGulaDarah' is visible

2023-03-11 11:57:24 - [MESSAGE][PASSED] - Tapped on element 'Object Repository/RekamanPage/InsertSugarBlood/Button_Selesai'

2023-03-11 11:57:24 - [MESSAGE][PASSED] - User didn't fill any field and save it

2023-03-11 11:57:24 - [TEST_STEP][PASSED] - System will throw alert handling: System will throw alert handling

2023-03-11 11:57:24 - [MESSAGE][PASSED] - Element 'Object Repository/RekamanPage/InsertSugarBlood/Alert_Handling/TextView_Alert' is visible

2023-03-11 11:57:25 - [MESSAGE][PASSED] - Element 'Object Repository/RekamanPage/InsertSugarBlood/Alert_Handling/TextView_Handling_1' is visible

2023-03-11 11:57:25 - [MESSAGE][PASSED] - System will throw alert handling

2023-03-11 11:57:25 - [TEST_STEP][PASSED] - I press OK: I press OK

2023-03-11 11:57:25 - [MESSAGE][PASSED] - Tapped on element 'Object Repository/RekamanPage/InsertSugarBlood/Alert_Handling/Button_OK'

2023-03-11 11:57:25 - [MESSAGE][PASSED] - I press OK

2023-03-11 11:57:25 - [TEST_CASE][PASSED] - Start Test Case : SCENARIO As user just fill jenis pemeriksaan darah then save it: SCENARIO As user just fill jenis pemeriksaan darah then save it

2023-03-11 11:57:25 - [TEST_STEP][PASSED] - User in input darah page: User in input darah page

2023-03-11 11:57:25 - [MESSAGE][PASSED] - Element 'Object Repository/RekamanPage/InsertSugarBlood/TextView_InputGulaDarah' is visible

2023-03-11 11:57:25 - [MESSAGE][PASSED] - User in input darah page

2023-03-11 11:57:25 - [TEST_STEP][PASSED] - User just fill pemeriksaan darah: User just fill pemeriksaan darah

2023-03-11 11:57:25 - [MESSAGE][PASSED] - Tapped on element 'Object Repository/RekamanPage/InsertSugarBlood/Button_PilihJenisGulaDarah'

2023-03-11 11:57:27 - [MESSAGE][PASSED] - Tapped on element 'Object Repository/RekamanPage/InsertSugarBlood/JenisGulaDarah/TextView_BangunTidur'

2023-03-11 11:57:27 - [MESSAGE][PASSED] - Tapped on element 'Object Repository/RekamanPage/InsertSugarBlood/Button_Selesai'

2023-03-11 11:57:27 - [MESSAGE][PASSED] - User just fill pemeriksaan darah

2023-03-11 11:57:27 - [TEST_STEP][PASSED] - System will throw alert handling: System will throw alert handling

2023-03-11 11:57:28 - [MESSAGE][PASSED] - Element 'Object Repository/RekamanPage/InsertSugarBlood/Alert_Handling/TextView_Alert' is visible

2023-03-11 11:57:38 - [MESSAGE][WARNING] - Element 'Object Repository/RekamanPage/InsertSugarBlood/Alert_Handling/TextView_Handling_1' not found

2023-03-11 11:57:38 - [MESSAGE][PASSED] - System will throw alert handling

2023-03-11 11:57:38 - [TEST_STEP][PASSED] - I press OK: I press OK

2023-03-11 11:57:38 - [MESSAGE][PASSED] - Tapped on element 'Object Repository/RekamanPage/InsertSugarBlood/Alert_Handling/Button_OK'

2023-03-11 11:57:38 - [MESSAGE][PASSED] - I press OK

2023-03-11 11:57:38 - [TEST_CASE][PASSED] - Start Test Case : SCENARIO As user just fill jenis pemeriksaan darah and time then save it: SCENARIO As user just fill jenis pemeriksaan darah and time then save it

2023-03-11 11:57:38 - [TEST_STEP][PASSED] - User in input darah page: User in input darah page

2023-03-11 11:57:39 - [MESSAGE][PASSED] - Element 'Object Repository/RekamanPage/InsertSugarBlood/TextView_InputGulaDarah' is visible

2023-03-11 11:57:39 - [MESSAGE][PASSED] - User in input darah page

2023-03-11 11:57:39 - [TEST_STEP][PASSED] - User fill time: User fill time

2023-03-11 11:57:39 - [MESSAGE][PASSED] - Tapped on element 'Object Repository/RekamanPage/InsertSugarBlood/Button_InputWaktu'

2023-03-11 11:57:40 - [MESSAGE][PASSED] - Tapped on element 'Object Repository/RekamanPage/InsertSugarBlood/InputWaktu/Button_Konfirmasi'

2023-03-11 11:57:41 - [MESSAGE][PASSED] - Tapped on element 'Object Repository/RekamanPage/InsertSugarBlood/Button_Selesai'

2023-03-11 11:57:41 - [MESSAGE][PASSED] - User fill time

2023-03-11 11:57:41 - [TEST_STEP][PASSED] - System will throw alert handling: System will throw alert handling

2023-03-11 11:57:41 - [MESSAGE][PASSED] - Element 'Object Repository/RekamanPage/InsertSugarBlood/Alert_Handling/TextView_Alert' is visible

2023-03-11 11:57:51 - [MESSAGE][WARNING] - Element 'Object Repository/RekamanPage/InsertSugarBlood/Alert_Handling/TextView_Handling_1' not found

2023-03-11 11:57:51 - [MESSAGE][PASSED] - System will throw alert handling

2023-03-11 11:57:51 - [TEST_STEP][PASSED] - I press OK: I press OK

2023-03-11 11:57:51 - [MESSAGE][PASSED] - Tapped on element 'Object Repository/RekamanPage/InsertSugarBlood/Alert_Handling/Button_OK'

2023-03-11 11:57:51 - [MESSAGE][PASSED] - I press OK

2023-03-11 11:57:51 - [TEST_CASE][PASSED] - Start Test Case : SCENARIO As user just fill jenis pemeriksaan darah, time and sugar blood then save it: SCENARIO As user just fill jenis pemeriksaan darah, time and sugar blood then save it

2023-03-11 11:57:51 - [TEST_STEP][PASSED] - User in input darah page: User in input darah page

2023-03-11 11:57:52 - [MESSAGE][PASSED] - Element 'Object Repository/RekamanPage/InsertSugarBlood/TextView_InputGulaDarah' is visible

2023-03-11 11:57:52 - [MESSAGE][PASSED] - User in input darah page

2023-03-11 11:57:52 - [TEST_STEP][PASSED] - User fill sugar blood: User fill sugar blood

2023-03-11 11:57:53 - [MESSAGE][PASSED] - Tapped on element 'Object Repository/RekamanPage/InsertSugarBlood/TextField_GulaDarah'

2023-03-11 11:57:54 - [MESSAGE][PASSED] - Text '2000' has been set to element 'Object Repository/RekamanPage/InsertSugarBlood/TextField_GulaDarah'

2023-03-11 11:57:57 - [MESSAGE][PASSED] - Keyboard is hidden

2023-03-11 11:57:57 - [MESSAGE][PASSED] - Tapped on element 'Object Repository/RekamanPage/InsertSugarBlood/Button_Selesai'

2023-03-11 11:57:57 - [MESSAGE][PASSED] - User fill sugar blood

2023-03-11 11:57:57 - [TEST_STEP][PASSED] - System will throw alert handling: System will throw alert handling

2023-03-11 11:57:58 - [MESSAGE][PASSED] - Element 'Object Repository/RekamanPage/InsertSugarBlood/Alert_Handling/TextView_Alert' is visible

2023-03-11 11:58:08 - [MESSAGE][WARNING] - Element 'Object Repository/RekamanPage/InsertSugarBlood/Alert_Handling/TextView_Handling_1' not found

2023-03-11 11:58:08 - [MESSAGE][PASSED] - System will throw alert handling

2023-03-11 11:58:08 - [TEST_STEP][PASSED] - I press OK: I press OK

2023-03-11 11:58:08 - [MESSAGE][PASSED] - Tapped on element 'Object Repository/RekamanPage/InsertSugarBlood/Alert_Handling/Button_OK'

2023-03-11 11:58:08 - [MESSAGE][PASSED] - I press OK

2023-03-11 11:58:08 - [TEST_CASE][PASSED] - Start Test Case : SCENARIO As user just fill jenis pemeriksaan darah, time, sugar blood and makan malam then save it: SCENARIO As user just fill jenis pemeriksaan darah, time, sugar blood and makan malam then save it

2023-03-11 11:58:08 - [TEST_STEP][PASSED] - User in input darah page: User in input darah page

2023-03-11 11:58:09 - [MESSAGE][PASSED] - Element 'Object Repository/RekamanPage/InsertSugarBlood/TextView_InputGulaDarah' is visible

2023-03-11 11:58:09 - [MESSAGE][PASSED] - User in input darah page

2023-03-11 11:58:09 - [TEST_STEP][PASSED] - User fill makan malam: User fill makan malam

2023-03-11 11:58:10 - [MESSAGE][PASSED] - Tapped on element 'Object Repository/RekamanPage/InsertSugarBlood/ExtraField/BangunTidur_TextField_ApaMakanMalamAnda'

2023-03-11 11:58:11 - [MESSAGE][PASSED] - Text 'Ini adalah testing automation' has been set to element 'Object Repository/RekamanPage/InsertSugarBlood/ExtraField/BangunTidur_TextField_ApaMakanMalamAnda'

2023-03-11 11:58:12 - [MESSAGE][PASSED] - Keyboard is hidden

2023-03-11 11:58:12 - [MESSAGE][PASSED] - Tapped on element 'Object Repository/RekamanPage/InsertSugarBlood/Button_Selesai'

2023-03-11 11:58:12 - [MESSAGE][PASSED] - User fill makan malam

2023-03-11 11:58:12 - [TEST_STEP][PASSED] - System will throw alert handling: System will throw alert handling

2023-03-11 11:58:13 - [MESSAGE][PASSED] - Element 'Object Repository/RekamanPage/InsertSugarBlood/Alert_Handling/TextView_Alert' is visible

2023-03-11 11:58:23 - [MESSAGE][WARNING] - Element 'Object Repository/RekamanPage/InsertSugarBlood/Alert_Handling/TextView_Handling_1' not found

2023-03-11 11:58:23 - [MESSAGE][PASSED] - System will throw alert handling

2023-03-11 11:58:23 - [TEST_STEP][PASSED] - I press OK: I press OK

2023-03-11 11:58:23 - [MESSAGE][PASSED] - Tapped on element 'Object Repository/RekamanPage/InsertSugarBlood/Alert_Handling/Button_OK'

2023-03-11 11:58:23 - [MESSAGE][PASSED] - I press OK

2023-03-11 11:58:23 - [TEST_CASE][PASSED] - Start Test Case : SCENARIO As user i fill everything on the all section and save it: SCENARIO As user i fill everything on the all section and save it

2023-03-11 11:58:23 - [TEST_STEP][PASSED] - User in input darah page: User in input darah page

2023-03-11 11:58:24 - [MESSAGE][PASSED] - Element 'Object Repository/RekamanPage/InsertSugarBlood/TextView_InputGulaDarah' is visible

2023-03-11 11:58:24 - [MESSAGE][PASSED] - User in input darah page

2023-03-11 11:58:24 - [TEST_STEP][PASSED] - User fill snack malam: User fill snack malam

2023-03-11 11:58:25 - [MESSAGE][PASSED] - Swiped from 63,1,152 to 63,1,154

2023-03-11 11:58:28 - [MESSAGE][PASSED] - Delayed 3 second(s)

2023-03-11 11:58:29 - [MESSAGE][PASSED] - Tapped on element 'Object Repository/RekamanPage/InsertSugarBlood/ExtraField/BangunTidur_TextField_ApaSnackMalamAnda'

2023-03-11 11:58:30 - [MESSAGE][PASSED] - Text 'Ini adalah testing automation' has been set to element 'Object Repository/RekamanPage/InsertSugarBlood/ExtraField/BangunTidur_TextField_ApaSnackMalamAnda'

2023-03-11 11:58:31 - [MESSAGE][PASSED] - Keyboard is hidden

2023-03-11 11:58:32 - [MESSAGE][PASSED] - Tapped on element 'Object Repository/RekamanPage/InsertSugarBlood/Button_Selesai'

2023-03-11 11:58:32 - [MESSAGE][PASSED] - User fill snack malam

2023-03-11 11:58:32 - [TEST_STEP][PASSED] - User verify the data is valid or not: User verify the data is valid or not

2023-03-11 11:58:32 - [MESSAGE][PASSED] - Element 'Object Repository/RekamanPage/InsertSugarBlood/PopUpVerify/TextView_Verify_GulaDarah' is visible

2023-03-11 11:58:32 - [MESSAGE][PASSED] - Element 'Object Repository/RekamanPage/InsertSugarBlood/PopUpVerify/TextView_Verify_MakanMalam' is visible

2023-03-11 11:58:32 - [MESSAGE][PASSED] - Element 'Object Repository/RekamanPage/InsertSugarBlood/PopUpVerify/TextView_Verify_SnackMalam' is visible

2023-03-11 11:58:32 - [MESSAGE][PASSED] - Element 'Object Repository/RekamanPage/InsertSugarBlood/PopUpVerify/TextView_Verify_Tanggal' is visible

2023-03-11 11:58:33 - [MESSAGE][PASSED] - Element 'Object Repository/RekamanPage/InsertSugarBlood/PopUpVerify/TextView_Verify_Waktu' is visible

2023-03-11 11:58:33 - [MESSAGE][PASSED] - Tapped on element 'Object Repository/RekamanPage/InsertSugarBlood/PopUpVerify/Button_YaBenar'

2023-03-11 11:58:33 - [MESSAGE][PASSED] - User verify the data is valid or not

2023-03-11 11:58:33 - [MESSAGE][PASSED] - Feature file: 'Include/features/InsertRecordBlood.feature' was passed

2023-03-11 11:58:33 - [TEST_STEP][PASSED] - runFeatureFile("Include/features/MedicationReminder.feature"): Feature file: 'Include/features/MedicationReminder.feature' was passed

2023-03-11 11:58:33 - [MESSAGE][INFO] - Starting run keyword runFeatureFile: 'Include/features/MedicationReminder.feature' and extract report to folder: 'C:\Users\MSI\git\TemanDiabetes\Reports\20230311_115646\SmokeTest\20230311_115648/cucumber_report/1678510713222'...

2023-03-11 11:58:33 - [TEST_CASE][PASSED] - Start Test Case : SCENARIO As user i want to see entry point medication reminder: SCENARIO As user i want to see entry point medication reminder

2023-03-11 11:58:33 - [TEST_STEP][PASSED] - I open default app: I open default app

2023-03-11 11:58:43 - [MESSAGE][PASSED] - Starting app with application ID: 'com.temandiabetes.android'

2023-03-11 11:58:48 - [MESSAGE][PASSED] - Delayed 5 second(s)

2023-03-11 11:58:48 - [MESSAGE][PASSED] - I open default app

2023-03-11 11:58:48 - [TEST_STEP][PASSED] - User looking for tab medication reminder: User looking for tab medication reminder

2023-03-11 11:58:49 - [MESSAGE][PASSED] - Swiped from 63,1,154 to 63,675

2023-03-11 11:58:50 - [MESSAGE][PASSED] - Swiped from 63,1,154 to 63,675

2023-03-11 11:58:51 - [MESSAGE][PASSED] - Swiped from 63,1,154 to 63,675

2023-03-11 11:58:52 - [MESSAGE][PASSED] - Swiped from 63,1,154 to 63,675

2023-03-11 11:58:55 - [MESSAGE][PASSED] - Delayed 3 second(s)

2023-03-11 11:58:55 - [MESSAGE][PASSED] - User looking for tab medication reminder

2023-03-11 11:58:55 - [TEST_STEP][PASSED] - User verify medication page: User verify medication page

2023-03-11 11:58:56 - [MESSAGE][PASSED] - Element 'Object Repository/RekamanPage/MedicationReminder/Button_Plus' is visible

2023-03-11 11:58:56 - [MESSAGE][PASSED] - Element 'Object Repository/RekamanPage/MedicationReminder/TextView_PengingatObat' is visible

2023-03-11 11:58:56 - [MESSAGE][PASSED] - Tapped on element 'Object Repository/RekamanPage/MedicationReminder/Button_Plus'

2023-03-11 11:58:56 - [MESSAGE][PASSED] - User verify medication page

2023-03-11 11:58:56 - [TEST_CASE][PASSED] - Start Test Case : SCENARIO As user i want go to pengingat obat page and verify the page: SCENARIO As user i want go to pengingat obat page and verify the page

2023-03-11 11:58:56 - [TEST_STEP][PASSED] - User is on pengingat obat page: User is on pengingat obat page

2023-03-11 11:58:57 - [MESSAGE][PASSED] - Element 'Object Repository/RekamanPage/MedicationReminder/PengingatObat/TextView_PengingatObat' is visible

2023-03-11 11:58:57 - [MESSAGE][PASSED] - User is on pengingat obat page

2023-03-11 11:58:57 - [TEST_STEP][PASSED] - User verify the pengingat obat page: User verify the pengingat obat page

2023-03-11 11:58:57 - [MESSAGE][PASSED] - Element 'Object Repository/RekamanPage/MedicationReminder/PengingatObat/TextView_PengingatObat' is visible

2023-03-11 11:58:57 - [MESSAGE][PASSED] - Element 'Object Repository/RekamanPage/MedicationReminder/PengingatObat/Button_Back' is visible

2023-03-11 11:58:57 - [MESSAGE][PASSED] - Element 'Object Repository/RekamanPage/MedicationReminder/PengingatObat/Button_Tambahkan' is visible

2023-03-11 11:58:57 - [MESSAGE][PASSED] - User verify the pengingat obat page

2023-03-11 11:58:57 - [TEST_STEP][PASSED] - User can insert reminder medicine: User can insert reminder medicine

2023-03-11 11:58:57 - [MESSAGE][PASSED] - Tapped on element 'Object Repository/RekamanPage/MedicationReminder/PengingatObat/Button_Tambahkan'

2023-03-11 11:58:57 - [MESSAGE][PASSED] - User can insert reminder medicine

2023-03-11 11:58:57 - [TEST_STEP][PASSED] - I press Cross: I press Cross

2023-03-11 11:58:58 - [MESSAGE][PASSED] - Tapped on element 'Object Repository/RekamanPage/MedicationReminder/InsertRecord/Button_Cross'

2023-03-11 11:58:58 - [MESSAGE][PASSED] - I press Cross

2023-03-11 11:58:58 - [TEST_CASE][PASSED] - Start Test Case : SCENARIO As user i want to insert the page but haven't filled any field and save it: SCENARIO As user i want to insert the page but haven't filled any field and save it

2023-03-11 11:58:58 - [TEST_STEP][PASSED] - User is on pengingat obat page: User is on pengingat obat page

2023-03-11 11:58:59 - [MESSAGE][PASSED] - Element 'Object Repository/RekamanPage/MedicationReminder/PengingatObat/TextView_PengingatObat' is visible

2023-03-11 11:58:59 - [MESSAGE][PASSED] - User is on pengingat obat page

2023-03-11 11:58:59 - [TEST_STEP][PASSED] - User verify the pengingat obat page: User verify the pengingat obat page

2023-03-11 11:58:59 - [MESSAGE][PASSED] - Element 'Object Repository/RekamanPage/MedicationReminder/PengingatObat/TextView_PengingatObat' is visible

2023-03-11 11:58:59 - [MESSAGE][PASSED] - Element 'Object Repository/RekamanPage/MedicationReminder/PengingatObat/Button_Back' is visible

2023-03-11 11:58:59 - [MESSAGE][PASSED] - Element 'Object Repository/RekamanPage/MedicationReminder/PengingatObat/Button_Tambahkan' is visible

2023-03-11 11:58:59 - [MESSAGE][PASSED] - User verify the pengingat obat page

2023-03-11 11:58:59 - [TEST_STEP][PASSED] - User can insert reminder medicine: User can insert reminder medicine

2023-03-11 11:58:59 - [MESSAGE][PASSED] - Tapped on element 'Object Repository/RekamanPage/MedicationReminder/PengingatObat/Button_Tambahkan'

2023-03-11 11:58:59 - [MESSAGE][PASSED] - User can insert reminder medicine

2023-03-11 11:58:59 - [TEST_STEP][PASSED] - User haven't filled any field and save it: User haven't filled any field and save it

2023-03-11 11:59:00 - [MESSAGE][PASSED] - Tapped on element 'Object Repository/RekamanPage/MedicationReminder/InsertRecord/Button_Selesai'

2023-03-11 11:59:00 - [MESSAGE][PASSED] - User haven't filled any field and save it

2023-03-11 11:59:00 - [TEST_STEP][PASSED] - System will throw alert handling reminder medicine: System will throw alert handling reminder medicine

2023-03-11 11:59:01 - [MESSAGE][PASSED] - Element 'Object Repository/RekamanPage/MedicationReminder/InsertRecord/Alert/TextView_Alert' is visible

2023-03-11 11:59:01 - [MESSAGE][PASSED] - Element 'Object Repository/RekamanPage/MedicationReminder/InsertRecord/Alert/TextView_Handling_1' is visible

2023-03-11 11:59:01 - [MESSAGE][PASSED] - System will throw alert handling reminder medicine

2023-03-11 11:59:01 - [TEST_STEP][PASSED] - I press OK: I press OK

2023-03-11 11:59:01 - [MESSAGE][PASSED] - Tapped on element 'Object Repository/RekamanPage/InsertSugarBlood/Alert_Handling/Button_OK'

2023-03-11 11:59:01 - [MESSAGE][PASSED] - I press OK

2023-03-11 11:59:01 - [TEST_STEP][PASSED] - I press Cross: I press Cross

2023-03-11 11:59:02 - [MESSAGE][PASSED] - Tapped on element 'Object Repository/RekamanPage/MedicationReminder/InsertRecord/Button_Cross'

2023-03-11 11:59:02 - [MESSAGE][PASSED] - I press Cross

2023-03-11 11:59:02 - [TEST_CASE][PASSED] - Start Test Case : SCENARIO As user i want to insert reminder medicie for before eaten: SCENARIO As user i want to insert reminder medicie for before eaten

2023-03-11 11:59:02 - [TEST_STEP][PASSED] - User is on pengingat obat page: User is on pengingat obat page

2023-03-11 11:59:02 - [MESSAGE][PASSED] - Element 'Object Repository/RekamanPage/MedicationReminder/PengingatObat/TextView_PengingatObat' is visible

2023-03-11 11:59:02 - [MESSAGE][PASSED] - User is on pengingat obat page

2023-03-11 11:59:02 - [TEST_STEP][PASSED] - User verify the pengingat obat page: User verify the pengingat obat page

2023-03-11 11:59:03 - [MESSAGE][PASSED] - Element 'Object Repository/RekamanPage/MedicationReminder/PengingatObat/TextView_PengingatObat' is visible

2023-03-11 11:59:03 - [MESSAGE][PASSED] - Element 'Object Repository/RekamanPage/MedicationReminder/PengingatObat/Button_Back' is visible

2023-03-11 11:59:03 - [MESSAGE][PASSED] - Element 'Object Repository/RekamanPage/MedicationReminder/PengingatObat/Button_Tambahkan' is visible

2023-03-11 11:59:03 - [MESSAGE][PASSED] - User verify the pengingat obat page

2023-03-11 11:59:03 - [TEST_STEP][PASSED] - User can insert reminder medicine: User can insert reminder medicine

2023-03-11 11:59:03 - [MESSAGE][PASSED] - Tapped on element 'Object Repository/RekamanPage/MedicationReminder/PengingatObat/Button_Tambahkan'

2023-03-11 11:59:03 - [MESSAGE][PASSED] - User can insert reminder medicine

2023-03-11 11:59:03 - [TEST_STEP][PASSED] - User pick before eat: User pick before eat

2023-03-11 11:59:03 - [MESSAGE][PASSED] - Tapped on element 'Object Repository/RekamanPage/MedicationReminder/InsertRecord/CheckBox_SebelumMakan'

2023-03-11 11:59:03 - [MESSAGE][PASSED] - User pick before eat

2023-03-11 11:59:03 - [TEST_STEP][PASSED] - I press OK Reminder: I press OK Reminder

2023-03-11 11:59:04 - [MESSAGE][PASSED] - Tapped on element 'Object Repository/RekamanPage/MedicationReminder/InsertRecord/Button_Selesai'

2023-03-11 11:59:04 - [MESSAGE][PASSED] - I press OK Reminder

2023-03-11 11:59:04 - [TEST_STEP][PASSED] - System will throw alert handling reminder medicine: System will throw alert handling reminder medicine

2023-03-11 11:59:04 - [MESSAGE][PASSED] - Element 'Object Repository/RekamanPage/MedicationReminder/InsertRecord/Alert/TextView_Alert' is visible

2023-03-11 11:59:05 - [MESSAGE][PASSED] - Element 'Object Repository/RekamanPage/MedicationReminder/InsertRecord/Alert/TextView_Handling_1' is visible

2023-03-11 11:59:05 - [MESSAGE][PASSED] - System will throw alert handling reminder medicine

2023-03-11 11:59:05 - [TEST_STEP][PASSED] - I press OK: I press OK

2023-03-11 11:59:05 - [MESSAGE][PASSED] - Tapped on element 'Object Repository/RekamanPage/InsertSugarBlood/Alert_Handling/Button_OK'

2023-03-11 11:59:05 - [MESSAGE][PASSED] - I press OK

2023-03-11 11:59:05 - [TEST_STEP][PASSED] - I press Cross: I press Cross

2023-03-11 11:59:05 - [MESSAGE][PASSED] - Tapped on element 'Object Repository/RekamanPage/MedicationReminder/InsertRecord/Button_Cross'

2023-03-11 11:59:05 - [MESSAGE][PASSED] - I press Cross

2023-03-11 11:59:05 - [TEST_CASE][PASSED] - Start Test Case : SCENARIO As user i want to insert reminder medicie for before eaten: SCENARIO As user i want to insert reminder medicie for before eaten

2023-03-11 11:59:05 - [TEST_STEP][PASSED] - User is on pengingat obat page: User is on pengingat obat page

2023-03-11 11:59:06 - [MESSAGE][PASSED] - Element 'Object Repository/RekamanPage/MedicationReminder/PengingatObat/TextView_PengingatObat' is visible

2023-03-11 11:59:06 - [MESSAGE][PASSED] - User is on pengingat obat page

2023-03-11 11:59:06 - [TEST_STEP][PASSED] - User verify the pengingat obat page: User verify the pengingat obat page

2023-03-11 11:59:06 - [MESSAGE][PASSED] - Element 'Object Repository/RekamanPage/MedicationReminder/PengingatObat/TextView_PengingatObat' is visible

2023-03-11 11:59:06 - [MESSAGE][PASSED] - Element 'Object Repository/RekamanPage/MedicationReminder/PengingatObat/Button_Back' is visible

2023-03-11 11:59:06 - [MESSAGE][PASSED] - Element 'Object Repository/RekamanPage/MedicationReminder/PengingatObat/Button_Tambahkan' is visible

2023-03-11 11:59:06 - [MESSAGE][PASSED] - User verify the pengingat obat page

2023-03-11 11:59:06 - [TEST_STEP][PASSED] - User can insert reminder medicine: User can insert reminder medicine

2023-03-11 11:59:06 - [MESSAGE][PASSED] - Tapped on element 'Object Repository/RekamanPage/MedicationReminder/PengingatObat/Button_Tambahkan'

2023-03-11 11:59:06 - [MESSAGE][PASSED] - User can insert reminder medicine

2023-03-11 11:59:06 - [TEST_STEP][PASSED] - User pick after eat: User pick after eat

2023-03-11 11:59:07 - [MESSAGE][PASSED] - Tapped on element 'Object Repository/RekamanPage/MedicationReminder/InsertRecord/CheckBox_SesudahMakan'

2023-03-11 11:59:07 - [MESSAGE][PASSED] - User pick after eat

2023-03-11 11:59:07 - [TEST_STEP][PASSED] - I press OK Reminder: I press OK Reminder

2023-03-11 11:59:07 - [MESSAGE][PASSED] - Tapped on element 'Object Repository/RekamanPage/MedicationReminder/InsertRecord/Button_Selesai'

2023-03-11 11:59:07 - [MESSAGE][PASSED] - I press OK Reminder

2023-03-11 11:59:07 - [TEST_STEP][PASSED] - System will throw alert handling reminder medicine: System will throw alert handling reminder medicine

2023-03-11 11:59:08 - [MESSAGE][PASSED] - Element 'Object Repository/RekamanPage/MedicationReminder/InsertRecord/Alert/TextView_Alert' is visible

2023-03-11 11:59:08 - [MESSAGE][PASSED] - Element 'Object Repository/RekamanPage/MedicationReminder/InsertRecord/Alert/TextView_Handling_1' is visible

2023-03-11 11:59:08 - [MESSAGE][PASSED] - System will throw alert handling reminder medicine

2023-03-11 11:59:08 - [TEST_STEP][PASSED] - I press OK: I press OK

2023-03-11 11:59:08 - [MESSAGE][PASSED] - Tapped on element 'Object Repository/RekamanPage/InsertSugarBlood/Alert_Handling/Button_OK'

2023-03-11 11:59:08 - [MESSAGE][PASSED] - I press OK

2023-03-11 11:59:08 - [TEST_STEP][PASSED] - I press Cross: I press Cross

2023-03-11 11:59:08 - [MESSAGE][PASSED] - Tapped on element 'Object Repository/RekamanPage/MedicationReminder/InsertRecord/Button_Cross'

2023-03-11 11:59:08 - [MESSAGE][PASSED] - I press Cross

2023-03-11 11:59:08 - [TEST_CASE][PASSED] - Start Test Case : SCENARIO As user i want to insert reminder and verify: SCENARIO As user i want to insert reminder and verify

2023-03-11 11:59:08 - [TEST_STEP][PASSED] - User is on pengingat obat page: User is on pengingat obat page

2023-03-11 11:59:09 - [MESSAGE][PASSED] - Element 'Object Repository/RekamanPage/MedicationReminder/PengingatObat/TextView_PengingatObat' is visible

2023-03-11 11:59:09 - [MESSAGE][PASSED] - User is on pengingat obat page

2023-03-11 11:59:09 - [TEST_STEP][PASSED] - User verify the pengingat obat page: User verify the pengingat obat page

2023-03-11 11:59:09 - [MESSAGE][PASSED] - Element 'Object Repository/RekamanPage/MedicationReminder/PengingatObat/TextView_PengingatObat' is visible

2023-03-11 11:59:09 - [MESSAGE][PASSED] - Element 'Object Repository/RekamanPage/MedicationReminder/PengingatObat/Button_Back' is visible

2023-03-11 11:59:09 - [MESSAGE][PASSED] - Element 'Object Repository/RekamanPage/MedicationReminder/PengingatObat/Button_Tambahkan' is visible

2023-03-11 11:59:09 - [MESSAGE][PASSED] - User verify the pengingat obat page

2023-03-11 11:59:09 - [TEST_STEP][PASSED] - User can insert reminder medicine: User can insert reminder medicine

2023-03-11 11:59:09 - [MESSAGE][PASSED] - Tapped on element 'Object Repository/RekamanPage/MedicationReminder/PengingatObat/Button_Tambahkan'

2023-03-11 11:59:09 - [MESSAGE][PASSED] - User can insert reminder medicine

2023-03-11 11:59:09 - [TEST_STEP][PASSED] - User pick after eat: User pick after eat

2023-03-11 11:59:10 - [MESSAGE][PASSED] - Tapped on element 'Object Repository/RekamanPage/MedicationReminder/InsertRecord/CheckBox_SesudahMakan'

2023-03-11 11:59:10 - [MESSAGE][PASSED] - User pick after eat

2023-03-11 11:59:10 - [TEST_STEP][PASSED] - User fill the name of the medicine: User fill the name of the medicine

2023-03-11 11:59:11 - [MESSAGE][PASSED] - Text 'Ultraflu Automation' has been set to element 'Object Repository/RekamanPage/MedicationReminder/InsertRecord/TextField_MasukanNamaObat'

2023-03-11 11:59:11 - [MESSAGE][PASSED] - User fill the name of the medicine

2023-03-11 11:59:11 - [TEST_STEP][PASSED] - User tambahkan medicine: User tambahkan medicine

2023-03-11 11:59:12 - [MESSAGE][PASSED] - Tapped on element 'Object Repository/RekamanPage/MedicationReminder/InsertRecord/Button_Tambahkan'

2023-03-11 11:59:12 - [MESSAGE][PASSED] - User tambahkan medicine

2023-03-11 11:59:12 - [TEST_STEP][PASSED] - I press OK Reminder: I press OK Reminder

2023-03-11 11:59:12 - [MESSAGE][PASSED] - Tapped on element 'Object Repository/RekamanPage/MedicationReminder/InsertRecord/Button_Selesai'

2023-03-11 11:59:12 - [MESSAGE][PASSED] - I press OK Reminder

2023-03-11 11:59:12 - [MESSAGE][PASSED] - Feature file: 'Include/features/MedicationReminder.feature' was passed]]></system-out>
         <system-err><![CDATA[]]></system-err>
      </testcase>
      <system-out><![CDATA[2023-03-11 11:56:51 - [TEST_SUITE][PASSED] - SmokeTest: Test Cases/SmokeTest]]></system-out>
      <system-err><![CDATA[]]></system-err>
   </testsuite>
</testsuites>
